<?xml version="1.0" encoding="UTF-8"?>
<!-- Generated by org.testng.reporters.JUnitReportReporter -->
<testsuite skipped="0" hostname="DESKTOP-S7F8E9F" name="NomineeModule.addnomineedetailsTest" tests="2" failures="0" timestamp="2022-09-29T10:21:57 IST" time="0.010" errors="0">
  <testcase name="update" time="0.001" classname="NomineeModule.addnomineedetailsTest"/>
  <system-out/>
  <testcase name="create" time="0.009" classname="NomineeModule.addnomineedetailsTest"/>
  <system-out/>
</testsuite> <!-- NomineeModule.addnomineedetailsTest -->
