<?xml version="1.0" encoding="UTF-8"?>
<!-- Generated by org.testng.reporters.JUnitReportReporter -->
<testsuite skipped="0" hostname="DESKTOP-S7F8E9F" name="Parameter_cmd.ReadParameterFromcmdLineTest" tests="1" failures="0" timestamp="2022-09-29T12:40:01 IST" time="0.009" errors="0">
  <testcase name="parameters" time="0.009" classname="Parameter_cmd.ReadParameterFromcmdLineTest"/>
  <system-out/>
</testsuite> <!-- Parameter_cmd.ReadParameterFromcmdLineTest -->
